Arguments: 
  C:\Program Files\nodejs\node.exe C:\Users\Philipp\AppData\Roaming\npm\node_modules\yarn\bin\yarn.js add reat-router-dom

PATH: 
  C:\Users\Philipp\IdeaProjects\zaster\node_modules\.bin;C:\Windows\system32;C:\Windows;C:\Windows\System32\Wbem;C:\Windows\System32\WindowsPowerShell\v1.0\;C:\Program Files (x86)\NVIDIA Corporation\PhysX\Common;C:\WINDOWS\system32;C:\WINDOWS;C:\WINDOWS\System32\Wbem;C:\WINDOWS\System32\WindowsPowerShell\v1.0\;C:\Program Files\Git\cmd;C:\Program Files\PuTTY\;C:\Users\Philipp\AppData\Roaming\nvm;C:\Program Files\nodejs;C:\WINDOWS\System32\OpenSSH\;C:\Program Files (x86)\Calibre2\;C:\Program Files\NVIDIA Corporation\NVIDIA NvDLISR;C:\WINDOWS\system32;C:\WINDOWS;C:\WINDOWS\System32\Wbem;C:\WINDOWS\System32\WindowsPowerShell\v1.0\;C:\WINDOWS\System32\OpenSSH\;C:\Program Files\nodejs\;C:\Users\Philipp\AppData\Local\Microsoft\WindowsApps;C:\Users\Philipp\AppData\Local\atom\bin;C:\php;C:\Users\Philipp\AppData\Local\Microsoft\WindowsApps;C:\Users\Philipp\AppData\Roaming\npm

Yarn version: 
  1.10.1

Node version: 
  12.18.0

Platform: 
  win32 x64

Trace: 
  Error: https://registry.yarnpkg.com/reat-router-dom: Not found
      at Request.params.callback [as _callback] (C:\Users\Philipp\AppData\Roaming\npm\node_modules\yarn\lib\cli.js:61073:18)
      at Request.self.callback (C:\Users\Philipp\AppData\Roaming\npm\node_modules\yarn\lib\cli.js:120166:22)
      at Request.emit (events.js:315:20)
      at Request.<anonymous> (C:\Users\Philipp\AppData\Roaming\npm\node_modules\yarn\lib\cli.js:121138:10)
      at Request.emit (events.js:315:20)
      at IncomingMessage.<anonymous> (C:\Users\Philipp\AppData\Roaming\npm\node_modules\yarn\lib\cli.js:121060:12)
      at Object.onceWrapper (events.js:421:28)
      at IncomingMessage.emit (events.js:327:22)
      at endReadableNT (_stream_readable.js:1221:12)
      at processTicksAndRejections (internal/process/task_queues.js:84:21)

npm manifest: 
  {
    "name": "zaster",
    "version": "1.0.0",
    "description": "",
    "main": "index.js",
    "scripts": {
      "test": "echo \"Error: no test specified\" && exit 1"
    },
    "keywords": [],
    "author": "",
    "license": "ISC",
    "dependencies": {}
  }

yarn manifest: 
  No manifest

Lockfile: 
  # THIS IS AN AUTOGENERATED FILE. DO NOT EDIT THIS FILE DIRECTLY.
  # yarn lockfile v1
